
[4/5] Registering SSM document: ws-upgrade-per-instance ...
Traceback (most recent call last):
File "D:\Users\jboa\Documents\Code\evergreen\scripts\Evergreen2026Setup.py", line 246, in register_ssm_document
ssm. get_document (Name=name)

File "D:\Users\jboa\AppData\Local\Programs\Python\Python313\Lib\site-packages\botocore\client.py", line 602, in api_call
return self ._ make_api_call(operation_name, kwargs)

File "D:\Users\jboa\AppData\Local\Programs\Python\Python313\Lib\site-packages\botocore\context.py", line 123, in wrapper
return func(*args, ** kwargs)
File "D:\Users\jboa\AppData\Local\Programs\Python\Python313\Lib\site-packages\botocore\client.py", line 1078, in
raise error_class(parsed_response, operation_name)
botocore.errorfactory.InvalidDocument: An error occurred (InvalidDocument) when calling the GetDocument operation: Document with name ws-upgrade-per-instance does not exist.

During handling of the above exception, another exception occurred:

Traceback (most recent call last):
File "D:\Users\jboa\Documents\Code\evergreen\scripts\Evergreen2026Setup.py", line 415, in <module>
main()

File "D:\Users\jboa\Documents\Code\evergreen\scripts\Evergreen2026Setup.py", line 389, in main
register_ssm_document(ssm, "ws-upgrade-per-instance", PER_INSTANCE_DOC, project_tag)

File "D:\Users\jboa\Documents\Code\evergreen\scripts\Evergreen2026Setup.py", line 259, in register_ssm_document
ssm.create_document(

Name=name

<6 lines> ..

make_api_call

File "D:\Users\jboa\AppData\Local\Programs\Python\Python313\Lib\site-packages\botocore\client.py", line 602, in _api_call
return self ._ make_api_call(operation_name, kwargs)

File "D:\Users\jboa\AppData\Local\Programs\Python\Python313\Lib\site-packages\botocore\context.py", line 123, in wrapper
return func(*args, ** kwargs)
File "D:\Users\jboa\AppData\Local\Programs\Python\Python313\Lib\site-packages\botocore\client.py", line 1078, in make_api_call
raise error_class(parsed_response, operation_name)
botocore.errorfactory.MaxDocumentSizeExceeded: An error occurred (MaxDocumentSizeExceeded) when calling the CreateDocument operation: 64 KiB
PS D:\Users\jboa\Documents\Code\evergreen\scripts>
